TN:
SF:/home/mittens/Code/WOMToken/WOMDaPP/DutchAuction/Ethereum/contracts/DutchAuction/MultiCertifier.sol
FN:23,only_delegate
FN:24,only_certifier_of
FN:25,only_certified
FN:26,only_uncertified
FN:37,
FN:41,certify
FN:51,revoke
FN:60,certified
FN:61,getCertifier
FN:62,addDelegate
FN:63,removeDelegate
FNF:11
FNH:11
FNDA:8,only_delegate
FNDA:3,only_certifier_of
FNDA:2,only_certified
FNDA:7,only_uncertified
FNDA:1,
FNDA:6,certify
FNDA:1,revoke
FNDA:15,certified
FNDA:1,getCertifier
FNDA:2,addDelegate
FNDA:1,removeDelegate
DA:38,1
DA:46,6
DA:47,6
DA:48,6
DA:56,1
DA:57,1
LF:6
LH:6
BRDA:23,1,0,7
BRDA:23,1,1,1
BRDA:24,2,0,2
BRDA:24,2,1,1
BRDA:25,3,0,1
BRDA:25,3,1,1
BRDA:26,4,0,6
BRDA:26,4,1,1
BRF:8
BRH:8
end_of_record
TN:
SF:/home/mittens/Code/WOMToken/WOMDaPP/DutchAuction/Ethereum/contracts/DutchAuction/SecondPriceAuction.sol
FN:64,
FN:87,buyin
FN:128,inject
FN:149,uninject
FN:165,finalise
FN:202,claimRefund
FN:227,setUSDWei
FN:239,setUSDSoftCap
FN:251,setHalted
FN:261,drain
FN:299,currentPrice
FN:313,hoursPassed
FN:324,tokensAvailable
FN:340,maxPurchase
FN:354,theDeal
FN:375,bonus
FN:387,currentTime
FN:392,isActive
FN:397,allFinalised
FN:405,softCapMet
FN:411,recoverAddr
FN:422,isSigned
FN:442,eligibleCall
FN:465,isBasicAccount
FN:477,toBytes
FN:492,whenActive
FN:495,beforeBeginning
FN:498,whenEnded
FN:501,whenNotHalted
FN:504,whenSoftMet
FN:507,whenSoftNotMet
FN:510,onlyBuyins
FN:514,notPreSaleMember
FN:517,onlyAdmin
FN:521,onlyEligible
FN:532,onlyBasic
FNF:36
FNH:35
FNDA:1,
FNDA:11,buyin
FNDA:6,inject
FNDA:2,uninject
FNDA:7,finalise
FNDA:1,claimRefund
FNDA:1,setUSDWei
FNDA:1,setUSDSoftCap
FNDA:4,setHalted
FNDA:1,drain
FNDA:43,currentPrice
FNDA:70,hoursPassed
FNDA:13,tokensAvailable
FNDA:1,maxPurchase
FNDA:12,theDeal
FNDA:13,bonus
FNDA:0,currentTime
FNDA:112,isActive
FNDA:2,allFinalised
FNDA:12,softCapMet
FNDA:21,recoverAddr
FNDA:5,isSigned
FNDA:1,eligibleCall
FNDA:19,isBasicAccount
FNDA:4,toBytes
FNDA:105,whenActive
FNDA:8,beforeBeginning
FNDA:8,whenEnded
FNDA:26,whenNotHalted
FNDA:7,whenSoftMet
FNDA:1,whenSoftNotMet
FNDA:8,onlyBuyins
FNDA:17,notPreSaleMember
FNDA:18,onlyAdmin
FNDA:15,onlyEligible
FNDA:6,onlyBasic
DA:73,1
DA:74,1
DA:75,1
DA:76,1
DA:77,1
DA:78,1
DA:79,1
DA:80,1
DA:95,11
DA:97,9
DA:98,1
DA:99,1
DA:101,3
DA:102,3
DA:106,11
DA:107,11
DA:108,11
DA:109,11
DA:112,11
DA:115,11
DA:116,11
DA:117,11
DA:118,11
DA:119,11
DA:134,6
DA:135,6
DA:137,6
DA:138,6
DA:139,6
DA:140,6
DA:141,6
DA:142,6
DA:154,2
DA:155,2
DA:156,2
DA:157,2
DA:172,7
DA:173,3
DA:174,3
DA:177,7
DA:178,7
DA:179,7
DA:180,7
DA:182,7
DA:184,7
DA:185,4
DA:187,3
DA:190,7
DA:192,7
DA:193,3
DA:194,3
DA:210,1
DA:212,1
DA:213,1
DA:214,1
DA:215,1
DA:217,1
DA:218,1
DA:232,1
DA:244,1
DA:255,4
DA:265,1
DA:304,43
DA:305,17
DA:307,26
DA:318,70
DA:330,13
DA:331,13
DA:332,0
DA:334,13
DA:346,1
DA:360,12
DA:362,12
DA:363,12
DA:365,12
DA:366,12
DA:367,12
DA:381,13
DA:399,2
DA:412,21
DA:413,21
DA:414,21
DA:433,5
DA:434,5
DA:435,5
DA:452,1
DA:457,1
DA:466,19
DA:467,19
DA:470,19
DA:482,4
DA:522,15
DA:528,11
LF:93
LH:92
BRDA:95,1,0,9
BRDA:95,1,1,2
BRDA:97,2,0,1
BRDA:97,2,1,8
BRDA:100,3,0,3
BRDA:100,3,1,5
BRDA:112,4,0,11
BRDA:112,4,1,0
BRDA:172,5,0,3
BRDA:172,5,1,4
BRDA:184,6,0,4
BRDA:184,6,1,3
BRDA:185,7,0,4
BRDA:185,7,1,0
BRDA:187,8,0,3
BRDA:187,8,1,0
BRDA:192,9,0,3
BRDA:192,9,1,4
BRDA:217,10,0,1
BRDA:217,10,1,0
BRDA:304,11,0,17
BRDA:304,11,1,26
BRDA:331,12,0,0
BRDA:331,12,1,13
BRDA:452,13,0,1
BRDA:452,13,1,0
BRDA:492,14,0,99
BRDA:492,14,1,6
BRDA:495,15,0,8
BRDA:495,15,1,0
BRDA:498,16,0,8
BRDA:498,16,1,0
BRDA:501,17,0,25
BRDA:501,17,1,1
BRDA:504,18,0,7
BRDA:504,18,1,0
BRDA:507,19,0,1
BRDA:507,19,1,0
BRDA:510,20,0,8
BRDA:510,20,1,0
BRDA:514,21,0,16
BRDA:514,21,1,1
BRDA:517,22,0,15
BRDA:517,22,1,3
BRDA:522,23,0,11
BRDA:522,23,1,4
BRDA:532,24,0,6
BRDA:532,24,1,0
BRF:48
BRH:36
end_of_record
TN:
SF:/home/mittens/Code/WOMToken/WOMDaPP/DutchAuction/Ethereum/contracts/DutchAuction/TokenVesting.sol
FN:67,
FN:80,registerPresaleVest
FN:108,receiveApproval
FN:126,release
FN:158,revoke
FN:183,getCliff
FN:190,getStart
FN:197,getDuration
FN:204,getRevocable
FN:211,getReleased
FN:218,getUnreleased
FN:225,getFinalized
FN:234,setAuctionAddress
FN:247,setLock
FN:259,emergencyDrain
FN:273,_releasableAmount
FN:280,_allReleased
FN:287,_vestedAmount
FN:303,bytesToAddress
FN:310,notRegistered
FN:311,notEmptyAddress
FN:312,notEmptyUint
FN:313,notLocked
FNF:23
FNH:22
FNDA:1,
FNDA:4,registerPresaleVest
FNDA:4,receiveApproval
FNDA:8,release
FNDA:2,revoke
FNDA:8,getCliff
FNDA:14,getStart
FNDA:14,getDuration
FNDA:1,getRevocable
FNDA:3,getReleased
FNDA:0,getUnreleased
FNDA:1,getFinalized
FNDA:3,setAuctionAddress
FNDA:1,setLock
FNDA:2,emergencyDrain
FNDA:8,_releasableAmount
FNDA:6,_allReleased
FNDA:8,_vestedAmount
FNDA:4,bytesToAddress
FNDA:6,notRegistered
FNDA:9,notEmptyAddress
FNDA:16,notEmptyUint
FNDA:10,notLocked
DA:68,1
DA:69,1
DA:94,4
DA:95,4
DA:96,4
DA:97,4
DA:98,4
DA:111,4
DA:112,4
DA:113,4
DA:114,4
DA:115,4
DA:116,4
DA:117,4
DA:118,4
DA:119,4
DA:120,4
DA:129,8
DA:131,8
DA:133,8
DA:135,6
DA:136,6
DA:138,6
DA:139,2
DA:140,2
DA:143,6
DA:145,6
DA:147,6
DA:148,1
DA:150,6
DA:163,2
DA:164,2
DA:165,1
DA:167,1
DA:168,1
DA:170,1
DA:172,1
DA:174,1
DA:176,1
DA:184,8
DA:191,14
DA:198,14
DA:205,1
DA:212,3
DA:219,0
DA:226,1
DA:238,3
DA:239,2
DA:240,2
DA:251,1
DA:252,1
DA:263,2
DA:264,1
DA:265,1
DA:266,1
DA:274,8
DA:281,6
DA:288,8
DA:289,8
DA:291,8
DA:292,0
DA:294,2
DA:296,6
DA:304,4
LF:64
LH:62
BRDA:111,1,0,4
BRDA:111,1,1,0
BRDA:112,2,0,4
BRDA:112,2,1,0
BRDA:113,3,0,4
BRDA:113,3,1,0
BRDA:114,4,0,4
BRDA:114,4,1,0
BRDA:116,5,0,4
BRDA:116,5,1,0
BRDA:129,6,0,8
BRDA:129,6,1,0
BRDA:133,7,0,6
BRDA:133,7,1,2
BRDA:138,8,0,2
BRDA:138,8,1,4
BRDA:147,9,0,1
BRDA:147,9,1,5
BRDA:163,10,0,2
BRDA:163,10,1,0
BRDA:164,11,0,1
BRDA:164,11,1,1
BRDA:165,12,0,1
BRDA:165,12,1,0
BRDA:238,13,0,2
BRDA:238,13,1,1
BRDA:263,14,0,1
BRDA:263,14,1,1
BRDA:291,15,0,0
BRDA:291,15,1,8
BRDA:293,16,0,2
BRDA:293,16,1,6
BRDA:310,17,0,4
BRDA:310,17,1,2
BRDA:311,18,0,7
BRDA:311,18,1,2
BRDA:312,19,0,16
BRDA:312,19,1,0
BRDA:313,20,0,10
BRDA:313,20,1,0
BRF:40
BRH:29
end_of_record
TN:
SF:/home/mittens/Code/WOMToken/WOMDaPP/DutchAuction/Ethereum/contracts/ERC20/ERC20BurnableAndMintable.sol
FN:43,
FN:58,transfer
FN:77,transferFrom
FN:96,approve
FN:112,approveAndCall
FN:127,burn
FN:144,burnFrom
FN:162,mint
FN:178,totalSupply
FN:185,balanceOf
FN:192,allowance
FNF:11
FNH:11
FNDA:2,
FNDA:10,transfer
FNDA:12,transferFrom
FNDA:3,approve
FNDA:4,approveAndCall
FNDA:2,burn
FNDA:2,burnFrom
FNDA:3,mint
FNDA:5,totalSupply
FNDA:27,balanceOf
FNDA:9,allowance
DA:44,2
DA:45,2
DA:46,2
DA:47,2
DA:48,2
DA:49,2
DA:50,2
DA:62,10
DA:63,9
DA:64,8
DA:65,7
DA:66,7
DA:67,7
DA:68,7
DA:81,12
DA:82,11
DA:83,10
DA:84,9
DA:85,9
DA:86,9
DA:87,9
DA:88,9
DA:100,3
DA:101,2
DA:102,2
DA:103,2
DA:116,4
DA:117,4
DA:118,4
DA:119,4
DA:120,4
DA:131,2
DA:132,1
DA:133,1
DA:134,1
DA:135,1
DA:136,1
DA:148,2
DA:149,1
DA:150,1
DA:151,1
DA:152,1
DA:153,1
DA:154,1
DA:166,3
DA:167,2
DA:168,1
DA:169,1
DA:170,1
DA:171,1
DA:172,1
DA:179,5
DA:186,27
DA:193,9
LF:54
LH:54
BRDA:62,1,0,9
BRDA:62,1,1,1
BRDA:63,2,0,8
BRDA:63,2,1,1
BRDA:64,3,0,7
BRDA:64,3,1,1
BRDA:81,4,0,11
BRDA:81,4,1,1
BRDA:82,5,0,10
BRDA:82,5,1,1
BRDA:83,6,0,9
BRDA:83,6,1,1
BRDA:100,7,0,2
BRDA:100,7,1,1
BRDA:116,8,0,4
BRDA:116,8,1,0
BRDA:131,9,0,1
BRDA:131,9,1,1
BRDA:148,10,0,1
BRDA:148,10,1,1
BRDA:166,11,0,2
BRDA:166,11,1,1
BRDA:167,12,0,1
BRDA:167,12,1,1
BRF:24
BRH:23
end_of_record
TN:
SF:/home/mittens/Code/WOMToken/WOMDaPP/DutchAuction/Ethereum/contracts/ERC20/ERC20Interface.sol
FNF:0
FNH:0
LF:0
LH:0
BRF:0
BRH:0
end_of_record
TN:
SF:/home/mittens/Code/WOMToken/WOMDaPP/DutchAuction/Ethereum/contracts/Libraries/Ownable.sol
FN:22,
FN:32,renounceOwnership
FN:44,transferOwnership
FN:55,_transferOwnership
FN:66,onlyOwner
FNF:5
FNH:5
FNDA:4,
FNDA:1,renounceOwnership
FNDA:2,transferOwnership
FNDA:2,_transferOwnership
FNDA:33,onlyOwner
DA:23,4
DA:36,1
DA:37,1
DA:48,2
DA:58,2
DA:59,1
DA:60,1
DA:67,33
DA:68,26
LF:9
LH:9
BRDA:58,1,0,1
BRDA:58,1,1,1
BRDA:67,2,0,26
BRDA:67,2,1,7
BRF:4
BRH:4
end_of_record
TN:
SF:/home/mittens/Code/WOMToken/WOMDaPP/DutchAuction/Ethereum/contracts/Libraries/SafeMath.sol
FN:13,mul
FN:30,div
FN:41,sub
FN:51,add
FN:62,mod
FNF:5
FNH:5
FNDA:9,mul
FNDA:8,div
FNDA:53,sub
FNDA:56,add
FNDA:5,mod
DA:17,9
DA:18,1
DA:21,8
DA:22,8
DA:24,7
DA:31,8
DA:32,7
DA:35,7
DA:42,53
DA:43,52
DA:45,52
DA:52,56
DA:53,56
DA:55,55
DA:63,5
DA:64,4
LF:16
LH:16
BRDA:17,1,0,1
BRDA:17,1,1,8
BRDA:22,2,0,7
BRDA:22,2,1,1
BRDA:31,3,0,7
BRDA:31,3,1,1
BRDA:42,4,0,52
BRDA:42,4,1,1
BRDA:53,5,0,55
BRDA:53,5,1,1
BRDA:63,6,0,4
BRDA:63,6,1,1
BRF:12
BRH:12
end_of_record
TN:
SF:/home/mittens/Code/WOMToken/WOMDaPP/DutchAuction/Ethereum/contracts/Libraries/SafeMathMock.sol
FN:15,mul
FN:22,div
FN:29,sub
FN:36,add
FN:43,mod
FNF:5
FNH:5
FNDA:3,mul
FNDA:2,div
FNDA:2,sub
FNDA:2,add
FNDA:5,mod
DA:16,3
DA:23,2
DA:30,2
DA:37,2
DA:44,5
LF:5
LH:5
BRF:0
BRH:0
end_of_record
